<?xml version="1.0" encoding="UTF-8"?>
<!-- Generated by org.testng.reporters.JUnitXMLReporter -->
<testsuite hostname="JYOTI-PC" name="Default test(failed)" tests="1" failures="0" timestamp="28 May 2015 08:05:38 GMT" time="96.732" errors="0">
  <testcase name="@BeforeClass configBeforeClass" time="0.0" classname="com.actitime.project_and_customer_test.Generate_report">
    <failure type="java.lang.ExceptionInInitializerError">
      <![CDATA[java.lang.ExceptionInInitializerError
	at com.actitime.business_lib.ProjectAndCustomerLib.<init>(ProjectAndCustomerLib.java:27)
	at com.actitime.project_and_customer_test.Generate_report.configBeforeClass(Generate_report.java:24)
Caused by: org.openqa.selenium.WebDriverException: Failed to connect to binary FirefoxBinary(C:\Program Files\Mozilla Firefox\firefox.exe) on port 7055; process output follows: 
5594121598852243830webdriver-profile\extensions\webdriver-staging
*** LOG addons.xpi: checkForChanges
*** LOG addons.xpi-utils: Opening XPI database C:\Users\JYOTI\AppData\Local\Temp\anonymous5594121598852243830webdriver-profile\extensions.json
*** LOG addons.xpi: New add-on fxdriver@googlecode.com installed in app-profile
*** Blocklist::_loadBlocklistFromFile: blocklist is disabled
*** LOG addons.xpi-utils: Make addon app-profile:fxdriver@googlecode.com visible
*** LOG DeferredSave/extensions.json: Save changes
*** LOG DeferredSave/extensions.json: Save changes
*** LOG addons.xpi: New add-on mozilla_cc@internetdownloadmanager.com installed in winreg-app-user
*** LOG addons.xpi-utils: Make addon winreg-app-user:mozilla_cc@internetdownloadmanager.com visible
*** LOG DeferredSave/extensions.json: Save changes
*** LOG DeferredSave/extensions.json: Save changes
*** LOG addons.xpi: New add-on {972ce4c6-7e08-4474-a285-3208198ce6fd} installed in app-global
*** LOG addons.xpi-utils: Make addon app-global:{972ce4c6-7e08-4474-a285-3208198ce6fd} visible
*** LOG DeferredSave/extensions.json: Save changes
*** LOG DeferredSave/extensions.json: Save changes
*** LOG addons.xpi: New add-on ext@WebexpEnhancedV1alpha27.net installed in winreg-app-global
*** LOG addons.xpi-utils: Make addon winreg-app-global:ext@WebexpEnhancedV1alpha27.net visible
*** LOG DeferredSave/extensions.json: Save changes
*** LOG DeferredSave/extensions.json: Save changes
*** LOG addons.xpi: New add-on ext@VideoPlayerV3beta762.net installed in winreg-app-global
*** LOG addons.xpi-utils: Make addon winreg-app-global:ext@VideoPlayerV3beta762.net visible
*** LOG DeferredSave/extensions.json: Save changes
*** LOG DeferredSave/extensions.json: Save changes
*** LOG addons.xpi: New add-on ext@MediaPlayerV1alpha167.net installed in winreg-app-global
*** LOG addons.xpi-utils: Make addon winreg-app-global:ext@MediaPlayerV1alpha167.net visible
*** LOG DeferredSave/extensions.json: Save changes
*** LOG DeferredSave/extensions.json: Save changes
*** LOG addons.xpi: New add-on ext@MediaViewerV1alpha1608.net installed in winreg-app-global
*** LOG addons.xpi-utils: Make addon winreg-app-global:ext@MediaViewerV1alpha1608.net visible
*** LOG DeferredSave/extensions.json: Save changes
*** LOG DeferredSave/extensions.json: Save changes
*** LOG addons.xpi: New add-on ext@MediaViewV1alpha2189.net installed in winreg-app-global
*** LOG addons.xpi-utils: Make addon winreg-app-global:ext@MediaViewV1alpha2189.net visible
*** LOG DeferredSave/extensions.json: Save changes
*** LOG DeferredSave/extensions.json: Save changes
*** LOG addons.xpi: Updating database with changes to installed add-ons
*** LOG addons.xpi-utils: Updating add-on states
*** LOG addons.xpi-utils: Writing add-ons list
*** LOG DeferredSave/extensions.json: Starting timer
*** LOG DeferredSave/extensions.json: Starting write
*** LOG DeferredSave/extensions.json: Write succeeded
*** LOG addons.xpi-utils: XPI Database saved, setting schema version preference to 15
*** LOG addons.manager: shutdown
*** LOG addons.xpi: shutdown
*** LOG addons.xpi-utils: shutdown
*** LOG addons.xpi: Notifying XPI shutdown observers
*** LOG addons.manager: Async provider shutdown done
*** LOG addons.xpi: startup
*** WARN addons.xpi: Ignoring missing add-on in C:\Program Files\Better-Surf\ff
*** WARN addons.xpi: Ignoring missing add-on in C:\Users\JYOTI\AppData\Roaming\Mozilla\Firefox\Profiles\gup9kn44.default\extensions\faststartff@gmail.com
*** WARN addons.xpi: Ignoring missing add-on in C:\Users\JYOTI\AppData\Roaming\Mozilla\Firefox\Profiles\gup9kn44.default\extensions\shortcutff@gmail.com
*** LOG addons.xpi: Skipping unavailable install location app-system-local
*** LOG addons.xpi: Skipping unavailable install location app-system-share
*** LOG addons.xpi: Ignoring file entry whose name is not a valid add-on ID: C:\Users\JYOTI\AppData\Local\Temp\anonymous5594121598852243830webdriver-profile\extensions\webdriver-staging
*** LOG addons.xpi: checkForChanges
*** LOG addons.xpi: No changes found

Build info: version: '2.42.0', revision: '5e82430', time: '2014-05-22 20:18:33'
System info: host: 'JYOTI-PC', ip: '192.168.137.1', os.name: 'Windows 7', os.arch: 'x86', os.version: '6.1', java.version: '1.7.0'
Driver info: driver.version: Driver
	at org.openqa.selenium.firefox.internal.NewProfileExtensionConnection.start(NewProfileExtensionConnection.java:130)
	at org.openqa.selenium.firefox.FirefoxDriver.startClient(FirefoxDriver.java:246)
	at org.openqa.selenium.remote.RemoteWebDriver.<init>(RemoteWebDriver.java:115)
	at org.openqa.selenium.firefox.FirefoxDriver.<init>(FirefoxDriver.java:193)
	at org.openqa.selenium.firefox.FirefoxDriver.<init>(FirefoxDriver.java:186)
	at org.openqa.selenium.firefox.FirefoxDriver.<init>(FirefoxDriver.java:182)
	at org.openqa.selenium.firefox.FirefoxDriver.<init>(FirefoxDriver.java:95)
	at com.actitime.generic_lib.Driver.<clinit>(Driver.java:9)
	... 26 more
Caused by: org.openqa.selenium.firefox.NotConnectedException: Unable to connect to host 127.0.0.1 on port 7055 after 45000 ms. Firefox console output:
5594121598852243830webdriver-profile\extensions\webdriver-staging
*** LOG addons.xpi: checkForChanges
*** LOG addons.xpi-utils: Opening XPI database C:\Users\JYOTI\AppData\Local\Temp\anonymous5594121598852243830webdriver-profile\extensions.json
*** LOG addons.xpi: New add-on fxdriver@googlecode.com installed in app-profile
*** Blocklist::_loadBlocklistFromFile: blocklist is disabled
*** LOG addons.xpi-utils: Make addon app-profile:fxdriver@googlecode.com visible
*** LOG DeferredSave/extensions.json: Save changes
*** LOG DeferredSave/extensions.json: Save changes
*** LOG addons.xpi: New add-on mozilla_cc@internetdownloadmanager.com installed in winreg-app-user
*** LOG addons.xpi-utils: Make addon winreg-app-user:mozilla_cc@internetdownloadmanager.com visible
*** LOG DeferredSave/extensions.json: Save changes
*** LOG DeferredSave/extensions.json: Save changes
*** LOG addons.xpi: New add-on {972ce4c6-7e08-4474-a285-3208198ce6fd} installed in app-global
*** LOG addons.xpi-utils: Make addon app-global:{972ce4c6-7e08-4474-a285-3208198ce6fd} visible
*** LOG DeferredSave/extensions.json: Save changes
*** LOG DeferredSave/extensions.json: Save changes
*** LOG addons.xpi: New add-on ext@WebexpEnhancedV1alpha27.net installed in winreg-app-global
*** LOG addons.xpi-utils: Make addon winreg-app-global:ext@WebexpEnhancedV1alpha27.net visible
*** LOG DeferredSave/extensions.json: Save changes
*** LOG DeferredSave/extensions.json: Save changes
*** LOG addons.xpi: New add-on ext@VideoPlayerV3beta762.net installed in winreg-app-global
*** LOG addons.xpi-utils: Make addon winreg-app-global:ext@VideoPlayerV3beta762.net visible
*** LOG DeferredSave/extensions.json: Save changes
*** LOG DeferredSave/extensions.json: Save changes
*** LOG addons.xpi: New add-on ext@MediaPlayerV1alpha167.net installed in winreg-app-global
*** LOG addons.xpi-utils: Make addon winreg-app-global:ext@MediaPlayerV1alpha167.net visible
*** LOG DeferredSave/extensions.json: Save changes
*** LOG DeferredSave/extensions.json: Save changes
*** LOG addons.xpi: New add-on ext@MediaViewerV1alpha1608.net installed in winreg-app-global
*** LOG addons.xpi-utils: Make addon winreg-app-global:ext@MediaViewerV1alpha1608.net visible
*** LOG DeferredSave/extensions.json: Save changes
*** LOG DeferredSave/extensions.json: Save changes
*** LOG addons.xpi: New add-on ext@MediaViewV1alpha2189.net installed in winreg-app-global
*** LOG addons.xpi-utils: Make addon winreg-app-global:ext@MediaViewV1alpha2189.net visible
*** LOG DeferredSave/extensions.json: Save changes
*** LOG DeferredSave/extensions.json: Save changes
*** LOG addons.xpi: Updating database with changes to installed add-ons
*** LOG addons.xpi-utils: Updating add-on states
*** LOG addons.xpi-utils: Writing add-ons list
*** LOG DeferredSave/extensions.json: Starting timer
*** LOG DeferredSave/extensions.json: Starting write
*** LOG DeferredSave/extensions.json: Write succeeded
*** LOG addons.xpi-utils: XPI Database saved, setting schema version preference to 15
*** LOG addons.manager: shutdown
*** LOG addons.xpi: shutdown
*** LOG addons.xpi-utils: shutdown
*** LOG addons.xpi: Notifying XPI shutdown observers
*** LOG addons.manager: Async provider shutdown done
*** LOG addons.xpi: startup
*** WARN addons.xpi: Ignoring missing add-on in C:\Program Files\Better-Surf\ff
*** WARN addons.xpi: Ignoring missing add-on in C:\Users\JYOTI\AppData\Roaming\Mozilla\Firefox\Profiles\gup9kn44.default\extensions\faststartff@gmail.com
*** WARN addons.xpi: Ignoring missing add-on in C:\Users\JYOTI\AppData\Roaming\Mozilla\Firefox\Profiles\gup9kn44.default\extensions\shortcutff@gmail.com
*** LOG addons.xpi: Skipping unavailable install location app-system-local
*** LOG addons.xpi: Skipping unavailable install location app-system-share
*** LOG addons.xpi: Ignoring file entry whose name is not a valid add-on ID: C:\Users\JYOTI\AppData\Local\Temp\anonymous5594121598852243830webdriver-profile\extensions\webdriver-staging
*** LOG addons.xpi: checkForChanges
*** LOG addons.xpi: No changes found

	at org.openqa.selenium.firefox.internal.NewProfileExtensionConnection.start(NewProfileExtensionConnection.java:118)
	... 33 more
... Removed 24 stack frames]]>
    </failure>
  </testcase> <!-- @BeforeClass configBeforeClass -->
  <testcase name="@BeforeMethod logIn" time="0.0" classname="com.actitime.project_and_customer_test.Generate_report">
    <skipped/>
  </testcase> <!-- @BeforeMethod logIn -->
  <testcase name="reportSheet" time="0.001" classname="com.actitime.project_and_customer_test.Generate_report">
    <skipped/>
  </testcase> <!-- reportSheet -->
</testsuite> <!-- Default test(failed) -->
